
ASEM-51 V1.3                                         Copyright (c) 2002 by W.W. Heinz                                         PAGE 1





       MCS-51 Family Macro Assembler   A S E M - 5 1   V 1.3
       =====================================================



	Source File:	source_alpha3.asm
	Object File:	source_alpha3.hex
	List File:	source_alpha3.lst



 Line  I  Addr  Code            Source

    1:				;****** 中断源矢量表设置 **************************************************
    2:		N      0000		ORG	0000H		;复位入口
    3:	  0000	02 00 40		LJMP	MAIN	;转到主程序
    4:
    5:		N      0003		ORG	0003H		;INT0矢量地址
    6:	  0003	02 00 D2		LJMP	RACE	;由开始抢答按钮引起的开始抢答阶段中断处理
    7:
    8:		N      000B		ORG	000BH		;T0中断入口
    9:	  000B	02 01 1B		LJMP	TT0		;转到T0中断服务程序
   10:
   11:		N      0013		ORG 0013H 		;INT1矢量地址
   12:	  0013	02 00 7B		LJMP 	ADJ1	;由打开计分板按钮引起的查看计分板处理
   13:
   14:
   15:		N      0040		ORG 0040h 		;主程序入口
   16:	  0040			MAIN:
   17:	  0040	75 81 A0		MOV SP,#0A0H	;设置堆栈指针
   18:	  0043	75 20 0A		MOV	20H,#0AH	;设置中断次数
   19:	  0046	75 30 00		MOV	30H,#00H	;分单元清0
   20:	  0049	75 31 00		MOV	31H,#00H	;秒单元清0
   21:	  004C	75 32 00		MOV	32H,#00H	;毫秒单元清0
   22:	  004F	75 33 00		MOV	33H,#00H	;目标选手单元清0
   23:	  0052	75 34 00		MOV	34H,#00H	;1号选手计分单元清0
   24:	  0055	75 35 00		MOV	35H,#00H	;2号选手计分单元清0
   25:	  0058	75 36 00		MOV	36H,#00H	;3号选手计分单元清0
   26:	  005B	75 37 00		MOV	37H,#00H	;4号选手计分单元清0
   27:	  005E	75 38 00		MOV 	38H,#00H	;循环控制变量
   28:	  0061	75 89 AA		MOV	TMOD,#0AAH	;设置T0、T1工作方式都为1
   29:	  0064	D2 A8			SETB	EX0		;允许INT0中断
   30:	  0066	C2 88			CLR	IT0		;设INT0用负边沿触发
   31:	  0068	C2 8A			CLR	IT1		;设INT1用负边沿触发
   32:	  006A	D2 A9			SETB	ET0		;允许T0中断
   33:	  006C	D2 AB			SETB	ET1		;允许T1中断
   34:	  006E	D2 AF			SETB	EA		;中断总控开启
   35:	  0070	75 80 00		MOV P0,#00H
   36:	  0073	75 A0 00		MOV P2,#00H
   37:	  0076	75 90 55		MOV P1,#055H	;P1赋初值
   38:	  0079	80 FE		LOP: SJMP LOP
   39:				;****** 计分板阶段开始 **************************************************
   40:	  007B			ADJ1:
   41:	  007B	C0 D0			PUSH	PSW		;保护中断现场(PSW数据进栈)
   42:	  007D	C0 E0			PUSH	ACC		;保护中断现场(ACC数据进栈)
   43:	  007F	78 34			MOV R0,#34H

ASEM-51 V1.3                                         Copyright (c) 2002 by W.W. Heinz                                         PAGE 2



 Line  I  Addr  Code            Source

   44:	  0081			DIS1:
   45:	  0081	E6			MOV A,@R0		;将目标位得分存入R1
   46:	  0082	F9			MOV R1,A
   47:					;显示选手x编号及分数-------------------
   48:	  0083			PREV1:
   49:	  0083	20 B4 0E		JB	P3.4,NEXT1	;上一位键未按下,则转跳到判下一位键
   50:	  0086	30 B4 FD		JNB	P3.4,$		;上一位键按下,则等待放开上一位键
   51:	  0089	E8			MOV	A,R0		;将当前选手编号,送到A寄存器
   52:	  008A	14			DEC A			;上一位
   53:	  008B	D4			DA	A			;十进制调整
   54:	  008C	F8			MOV R0,A 		;存回选手指针
   55:	  008D	B4 33 F1		CJNE	A,#033H,DIS1	;防止R0指针溢出
   56:	  0090	78 37			MOV R0,#037H
   57:	  0092	80 ED			SJMP	DIS1		;返回主程序
   58:	  0094			NEXT1:
   59:	  0094	20 B5 0E		JB	P3.5,INC1	;下一位未按下,则转跳到判增量键
   60:	  0097	30 B5 FD		JNB	P3.5,$		;下一位按下,则等待放开下一位键
   61:	  009A	E8			MOV	A,R0		;将当前选手编号,送到A寄存器
   62:	  009B	04			INC A			;下一位
   63:	  009C	D4			DA	A			;十进制调整
   64:	  009D	F8			MOV R0,A 		;存回选手指针
   65:	  009E	B4 38 E0		CJNE	A,#038H,DIS1	;防止R0指针溢出
   66:	  00A1	78 34			MOV R0,#034H
   67:	  00A3	80 DC			SJMP	DIS1		;返回主程序
   68:	  00A5			INC1:
   69:	  00A5	20 B6 0E		JB	P3.6,DES1	;增量键未按下,则转跳到减量键
   70:	  00A8	30 B6 FD		JNB	P3.6,$		;增量键按下,则等待放开增量键
   71:	  00AB	E6			MOV	A,@R0		;将当前选手分数,送到A寄存器
   72:	  00AC	04			INC A			;分数加一
   73:	  00AD	D4			DA	A			;十进制调整
   74:	  00AE	F6			MOV @R0,A 		;存回分数
   75:	  00AF	B4 64 CF		CJNE	A,#064H,DIS1	;防止分数溢出
   76:	  00B2	78 63			MOV R0,#063H
   77:	  00B4	80 CB			SJMP	DIS1		;返回主程序
   78:	  00B6			DES1:
   79:	  00B6	20 B7 0C		JB	P3.7,BKTM	;减量键未按下,则转跳到返回键判定
   80:	  00B9	30 B7 FD		JNB	P3.7,$		;减量键按下,则等待放开减量键
   81:	  00BC	E6			MOV	A,@R0		;将当前选手分数,送到A寄存器
   82:	  00BD	B4 00 C1		CJNE	A,#00H,DIS1	;为0不处理直接跳转
   83:	  00C0	14			DEC A			;分数减一
   84:	  00C1	D4			DA	A			;十进制调整
   85:	  00C2	F6			MOV @R0,A 		;存回分数
   86:	  00C3	80 BC			SJMP	DIS1		;返回主程序
   87:	  00C5			BKTM:
   88:	  00C5	20 B1 B9		JB	P3.1,DIS1	;返回键未按下,则转跳到DIS1等待按键
   89:	  00C8	30 B1 FD		JNB	P3.1,$		;返回键按下，则等待放开返回键
   90:	  00CB	80 00			SJMP RETI1		;直接返回主程序
   91:	  00CD			RETI1:
   92:	  00CD	D0 E0			POP	ACC		;恢复中断入口时现场ACC
   93:	  00CF	D0 D0			POP	PSW		;恢复中断入口时现场PSW
   94:	  00D1	32			RETI
   95:				;****** 计时抢答阶段开始 **************************************************
   96:	  00D2			RACE:
   97:	  00D2	C0 D0			PUSH	PSW		;保护中断现场(PSW数据进栈)
   98:	  00D4	C0 E0			PUSH	ACC		;保护中断现场(ACC数据进栈)
   99:	  00D6	75 8A 18		MOV	 TL0,#018H	;T0初值低位(FC18H)

ASEM-51 V1.3                                         Copyright (c) 2002 by W.W. Heinz                                         PAGE 3



 Line  I  Addr  Code            Source

  100:	  00D9	75 8C FC		MOV	 TH0,#0FCH	;T0初值高位
  101:	  00DC	75 90 55		MOV P1,#055H	;P1赋初值
  102:	  00DF	D2 A9			SETB ET0        ;允许T0中断
  103:	  00E1	D2 8C			SETB TR0	;T0开始计时
  104:	  00E3			LOP2:
  105:	  00E3			C1:
  106:	  00E3	20 90 0B		JB	P1.0,C2		;1号未按下,则转跳判2号
  107:	  00E6	75 33 01		MOV 33H,#01H	;选中1号选手
  108:	  00E9	78 34			MOV R0,#034H
  109:	  00EB	75 90 57		MOV P1,#057H 		;点亮1号灯
  110:	  00EE	02 01 59		LJMP ADJ2
  111:	  00F1			C2:
  112:	  00F1	20 92 0B		JB	P1.2,C3		;2号未按下,则转跳判3号
  113:	  00F4	75 33 02		MOV 33H,#02H;	选中2号选手
  114:	  00F7	78 35			MOV R0,#035H
  115:	  00F9	75 90 5D		MOV P1,#05DH 	;点亮2号灯
  116:	  00FC	02 01 59		LJMP ADJ2
  117:	  00FF			C3:
  118:	  00FF	20 94 0B		JB	P1.4,C4		;3号未按下,则转跳判4号
  119:	  0102	75 33 03		MOV 33H,#03H	;选中3号选手
  120:	  0105	78 36			MOV R0,#036H
  121:	  0107	75 90 75		MOV P1,#075H 	;点亮3号灯
  122:	  010A	02 01 59		LJMP ADJ2
  123:	  010D			C4:
  124:	  010D	20 96 D3		JB	P1.6,LOP2	;4号未按下
  125:	  0110	75 33 04		MOV 33H,#04H	;选中4号选手
  126:	  0113	78 37			MOV R0,#037H
  127:	  0115	75 90 D5		MOV P1,#0D5H 	;点亮4号灯
  128:	  0118	02 01 59		LJMP ADJ2
  129:	  011B			TT0:
  130:	  011B	C0 D0			PUSH	PSW		;保护中断现场(PSW数据进栈)
  131:	  011D	C0 E0			PUSH	ACC		;保护中断现场(ACC数据进栈)
  132:	  011F	75 8C FC		MOV	 TH0,#0FCH	;重新装入T0初值高位
  133:	  0122	75 8A 18		MOV	 TL0,#018H	;重新装入T0初值低位
  134:	  0125	D2 8C			SETB TR0	    ;T0开始计时
  135:	  0127	D5 20 2A		DJNZ 20H, TT0_RT     ;1ms定时未到，返回
  136:	  012A	75 20 0A		MOV  20H,#0AH   ;重置中断次数
  137:	  012D	E5 32			MOV  A,32H	    ;取32H单元的毫秒值
  138:	  012F	24 01			ADD  A,#01H 	;毫秒值加1
  139:	  0131	D4			DA	 A		    ;毫秒值为BCD码,须十进制调整
  140:	  0132	F5 32		   	MOV  32H,A		;毫秒值存回32H单元
  141:	  0134	B4 64 1D		CJNE A,#064H,TT0_RT	;毫秒值未到100,则跳至中断出口
  142:	  0137	75 32 00		MOV  32H,#00H	;毫秒值已到100,则毫秒值单元清0
  143:
  144:	  013A	E5 31			MOV  A,31H		;取31H单元的秒值
  145:	  013C	24 01			ADD	 A,#01H		;秒值加1
  146:	  013E	D4			DA	 A		    ;秒值为BCD码,须十进制调整
  147:	  013F	F5 31			MOV	 31H,A		;秒值存回31H单元
  148:	  0141	B4 3C 10	   	CJNE A,#03CH,TT0_RT	;秒值未到60,则跳至中断出口
  149:	  0144	75 31 00		MOV  31H,#00H	;秒值已到60,则秒值单元清0
  150:
  151:	  0147	E5 30			MOV  A,30H		;取30H单元的分值
  152:	  0149	24 01			ADD	 A,#01H		;分单元加1
  153:	  014B	D4			DA	 A		    ;分值为BCD码,须十进制调整
  154:	  014C	F5 30			MOV	 30H,A		;分值存回30H单元
  155:	  014E	B4 3C 03		CJNE A,#03CH,TT0_RT	;分值未到60,则跳至中断出口

ASEM-51 V1.3                                         Copyright (c) 2002 by W.W. Heinz                                         PAGE 4



 Line  I  Addr  Code            Source

  156:	  0151	75 30 00		MOV	 30H,#00H	;分值已到60,则分值单元清0
  157:	  0154			TT0_RT:
  158:	  0154	D0 E0			POP	ACC		;恢复中断入口时现场ACC
  159:	  0156	D0 D0		    	POP	PSW		;恢复中断入口时现场PSW
  160:	  0158	32			RETI
  161:				;****** 计时判定阶段开始 **************************************************
  162:	  0159			ADJ2:
  163:	  0159	C2 8C			CLR TR0			;暂停T0计时
  164:				;****** 蜂鸣器响 **************************************************
  165:	  015B	B2 A3			CPL P2.3                             ;50ms的方波，蜂鸣器响1s
  166:	  015D	75 40 13		MOV 40H,#19
  167:	  0160	75 41 3E		MOV 41H,#62
  168:	  0163	75 42 28		MOV 42H,#40
  169:	  0166			BEEP_DELAY:
  170:	  0166	D5 42 FD		DJNZ 42H,BEEP_DELAY
  171:	  0169	D5 41 FA		DJNZ 41H,BEEP_DELAY
  172:	  016C	D5 40 F7		DJNZ 40H,BEEP_DELAY
  173:				;****** 蜂鸣器响 **************************************************
  174:	  016F			DIS2:
  175:	  016F	C2 A3			CLR P2.3
  176:					;显示选手x编号及分数-------------------
  177:	  0171			PREV2:
  178:	  0171	20 B4 0E		JB	P3.4,NEXT2	;上一位键未按下,则转跳到判下一位键
  179:	  0174	30 B4 FD		JNB	P3.4,$		;上一位键按下,则等待放开上一位键
  180:	  0177	E8			MOV	A,R0		;将当前选手编号,送到A寄存器
  181:	  0178	14			DEC A			;上一位
  182:	  0179	D4			DA	A			;十进制调整
  183:	  017A	F8			MOV R0,A 		;存回选手指针
  184:	  017B	B4 33 F1		CJNE	A,#033H,DIS2	;防止R0指针溢出
  185:	  017E	78 37			MOV R0,#37H
  186:	  0180	80 ED			SJMP	DIS2		;返回DIS2等待按键
  187:	  0182			NEXT2:
  188:	  0182	20 B5 0E		JB	P3.5,INC2	;下一位未按下,则转跳到判增量键
  189:	  0185	30 B5 FD		JNB	P3.5,$		;下一位按下,则等待放开下一位键
  190:	  0188	E8			MOV	A,R0		;将当前选手编号,送到A寄存器
  191:	  0189	04			INC A			;下一位
  192:	  018A	D4			DA	A			;十进制调整
  193:	  018B	F8			MOV R0,A 		;存回选手指针
  194:	  018C	B4 38 E0		CJNE	A,#038H,DIS2	;防止R0指针溢出
  195:	  018F	78 34			MOV R0,#34H
  196:	  0191	80 DC			SJMP	DIS2		;返回DIS2等待按键
  197:	  0193			INC2:
  198:	  0193	20 B6 0E		JB	P3.6,DES2	;增量键未按下,则转跳到减量键
  199:	  0196	30 B6 FD		JNB	P3.6,$		;增量键按下,则等待放开增量键
  200:	  0199	E6			MOV	A,@R0		;将当前选手分数,送到A寄存器
  201:	  019A	04			INC A			;分数加一
  202:	  019B	D4			DA	A		;十进制调整
  203:	  019C	F6			MOV @R0,A 		;存回分数
  204:	  019D	B4 64 29		CJNE	A,#064H,RETI2	;防止分数溢出
  205:	  01A0	78 63			MOV R0,#63H
  206:	  01A2	80 25			SJMP	RETI2		;返回主程序
  207:	  01A4			DES2:
  208:	  01A4	20 B7 0C		JB	P3.7,COTN	;减量键未按下,则转跳到继续计时判定
  209:	  01A7	30 B7 FD		JNB	P3.7,$		;减量键按下,则等待放开减量键
  210:	  01AA	E6			MOV	A,@R0		;将当前选手分数,送到A寄存器
  211:	  01AB	B4 00 1B		CJNE A,#00H,RETI2 	;为0不处理直接跳转

ASEM-51 V1.3                                         Copyright (c) 2002 by W.W. Heinz                                         PAGE 5



 Line  I  Addr  Code            Source

  212:	  01AE	14			DEC A			;分数减一
  213:	  01AF	D4			DA	A			;十进制调整
  214:	  01B0	F6			MOV @R0,A 		;存回分数
  215:	  01B1	80 16			SJMP	RETI2		;返回主程序
  216:	  01B3			COTN:
  217:	  01B3	20 B0 0B		JB	P3.0,BK		;继续计时键未按下,则转跳到返回键判定
  218:	  01B6	30 B0 FD		JNB	P3.0,$		;继续计时键按下，则等待放开继续计时键
  219:	  01B9	D2 8C			SETB TR0		;开启T0
  220:	  01BB	75 90 55		MOV P1,#055H		;重置P0输入
  221:	  01BE	02 00 E3		LJMP LOP2		;继续进入等待回答阶段
  222:	  01C1			BK:
  223:	  01C1	20 B1 AB		JB	P3.1,DIS2	;返回键未按下,则转跳到ADJ2等待按键
  224:	  01C4	30 B1 FD		JNB	P3.1,$		;返回键按下，则等待放开返回键
  225:	  01C7	80 00			SJMP RETI2		;直接返回主程序
  226:	  01C9			RETI2:
  227:					;显示屏内容不变 亮若干秒--------------------
  228:	  01C9	75 90 55		MOV P1,#055H
  229:	  01CC	D0 E0			POP ACC
  230:	  01CE	D0 D0			POP PSW
  231:	  01D0	32			RETI
  232:
  233:				;****** LED数码管段码表 **************************************************
  234:					END	;整个程序结束





                     register banks used:  ---

                     no errors




ASEM-51 V1.3                                         Copyright (c) 2002 by W.W. Heinz                                         PAGE 6





	       L I S T   O F   S Y M B O L S
	       =============================


SYMBOL				  TYPE     VALUE	LINE
------------------------------------------------------------
??ASEM_51			  NUMBER    8051
??VERSION			  NUMBER    0130
AC				  BIT	      D6
ACC				  DATA	      E0
ADJ1				  CODE	    007B	  40
ADJ2				  CODE	    0159	 162
B				  DATA	      F0
BEEP_DELAY			  CODE	    0166	 169
BK				  CODE	    01C1	 222
BKTM				  CODE	    00C5	  87
C1				  CODE	    00E3	 105
C2				  CODE	    00F1	 111
C3				  CODE	    00FF	 117
C4				  CODE	    010D	 123
COTN				  CODE	    01B3	 216
CY				  BIT	      D7
DES1				  CODE	    00B6	  78
DES2				  CODE	    01A4	 207
DIS1				  CODE	    0081	  44
DIS2				  CODE	    016F	 174
DPH				  DATA	      83
DPL				  DATA	      82
EA				  BIT	      AF
ES				  BIT	      AC
ET0				  BIT	      A9
ET1				  BIT	      AB
EX0				  BIT	      A8
EX1				  BIT	      AA
EXTI0				  CODE	    0003
EXTI1				  CODE	    0013
F0				  BIT	      D5
IE				  DATA	      A8
IE0				  BIT	      89
IE1				  BIT	      8B
INC1				  CODE	    00A5	  68
INC2				  CODE	    0193	 197
INT0				  BIT	      B2
INT1				  BIT	      B3
IP				  DATA	      B8
IT0				  BIT	      88
IT1				  BIT	      8A
LOP				  CODE	    0079	  38
LOP2				  CODE	    00E3	 104
MAIN				  CODE	    0040	  16
NEXT1				  CODE	    0094	  58
NEXT2				  CODE	    0182	 187
OV				  BIT	      D2
P				  BIT	      D0
P0				  DATA	      80
P1				  DATA	      90

ASEM-51 V1.3                                         Copyright (c) 2002 by W.W. Heinz                                         PAGE 7



SYMBOL				  TYPE     VALUE	LINE
------------------------------------------------------------
P2				  DATA	      A0
P3				  DATA	      B0
PCON				  DATA	      87
PREV1				  CODE	    0083	  48
PREV2				  CODE	    0171	 177
PS				  BIT	      BC
PSW				  DATA	      D0
PT0				  BIT	      B9
PT1				  BIT	      BB
PX0				  BIT	      B8
PX1				  BIT	      BA
RACE				  CODE	    00D2	  96
RB8				  BIT	      9A
RD				  BIT	      B7
REN				  BIT	      9C
RESET				  CODE	    0000
RETI1				  CODE	    00CD	  91
RETI2				  CODE	    01C9	 226
RI				  BIT	      98
RS0				  BIT	      D3
RS1				  BIT	      D4
RXD				  BIT	      B0
SBUF				  DATA	      99
SCON				  DATA	      98
SINT				  CODE	    0023
SM0				  BIT	      9F
SM1				  BIT	      9E
SM2				  BIT	      9D
SP				  DATA	      81
T0				  BIT	      B4
T1				  BIT	      B5
TB8				  BIT	      9B
TCON				  DATA	      88
TF0				  BIT	      8D
TF1				  BIT	      8F
TH0				  DATA	      8C
TH1				  DATA	      8D
TI				  BIT	      99
TIMER0				  CODE	    000B
TIMER1				  CODE	    001B
TL0				  DATA	      8A
TL1				  DATA	      8B
TMOD				  DATA	      89
TR0				  BIT	      8C
TR1				  BIT	      8E
TT0				  CODE	    011B	 129
TT0_RT				  CODE	    0154	 157
TXD				  BIT	      B1
WR				  BIT	      B6
